<?xml version="1.0" encoding="UTF-8"?>
<testng-results ignored="0" total="1" passed="1" failed="0" skipped="0">
  <reporter-output>
  </reporter-output>
  <suite started-at="2023-05-27T13:22:08 IST" name="Suite" finished-at="2023-05-27T13:22:20 IST" duration-ms="11386">
    <groups>
    </groups>
    <test started-at="2023-05-27T13:22:08 IST" name="Test" finished-at="2023-05-27T13:22:20 IST" duration-ms="11386">
      <class name="Test.TestCase">
        <test-method is-config="true" signature="reportCreation()[pri:0, instance:Test.TestCase@2e3967ea]" started-at="2023-05-27T13:22:08 IST" name="reportCreation" finished-at="2023-05-27T13:22:09 IST" duration-ms="376" status="PASS">
          <reporter-output>
          </reporter-output>
        </test-method> <!-- reportCreation -->
        <test-method is-config="true" signature="driverInsta(java.lang.String,java.lang.reflect.Method)[pri:0, instance:Test.TestCase@2e3967ea]" started-at="2023-05-27T13:22:09 IST" name="driverInsta" finished-at="2023-05-27T13:22:14 IST" duration-ms="5189" status="PASS">
          <params>
            <param index="0">
              <value>
                <![CDATA[chrome]]>
              </value>
            </param>
            <param index="1">
              <value>
                <![CDATA[void Test.TestCase.run()]]>
              </value>
            </param>
          </params>
          <reporter-output>
          </reporter-output>
        </test-method> <!-- driverInsta -->
        <test-method signature="run()[pri:0, instance:Test.TestCase@2e3967ea]" started-at="2023-05-27T13:22:14 IST" name="run" finished-at="2023-05-27T13:22:19 IST" duration-ms="5216" status="PASS">
          <reporter-output>
          </reporter-output>
        </test-method> <!-- run -->
        <test-method is-config="true" signature="afterTestRun(org.testng.ITestResult)[pri:0, instance:Test.TestCase@2e3967ea]" started-at="2023-05-27T13:22:19 IST" name="afterTestRun" finished-at="2023-05-27T13:22:19 IST" duration-ms="10" status="PASS">
          <params>
            <param index="0">
              <value>
                <![CDATA[[TestResult name=run status=SUCCESS method=TestCase.run()[pri:0, instance:Test.TestCase@2e3967ea] output={null}]]]>
              </value>
            </param>
          </params>
          <reporter-output>
          </reporter-output>
        </test-method> <!-- afterTestRun -->
        <test-method is-config="true" signature="flush()[pri:0, instance:Test.TestCase@2e3967ea]" started-at="2023-05-27T13:22:19 IST" name="flush" finished-at="2023-05-27T13:22:20 IST" duration-ms="543" status="PASS">
          <reporter-output>
          </reporter-output>
        </test-method> <!-- flush -->
      </class> <!-- Test.TestCase -->
    </test> <!-- Test -->
  </suite> <!-- Suite -->
</testng-results>
